uBridge version 1.0.1 running with libpcap version 1.10.4 (with TPACKET_V3)
Hypervisor TCP control server started (IP localhost port 37871).
UDP tunnel connecting from local port 10029 to IPv4 address 127.0.0.1 on port 10028
Source NIO listener thread for 2415616a-f9f4-4e75-848f-bd5795a85338-1 has started
Destination NIO listener thread for 2415616a-f9f4-4e75-848f-bd5795a85338-1 has started
send: Input/output error
send: Input/output error
send: Input/output error
send: Input/output error
send: Input/output error
send: Input/output error
send: Input/output error
send: Input/output error
send: Input/output error
send: Input/output error
send: Input/output error
send: Input/output error
send: Input/output error
send: Input/output error
send: Input/output error
send: Input/output error
send: Input/output error
send: Input/output error
send: Input/output error
send: Input/output error
send: Input/output error
send: Input/output error
send: Input/output error
send: Input/output error
send: Input/output error
send: Input/output error
send: Input/output error
send: Input/output error
send: Input/output error
send: Input/output error
send: Input/output error
send: Input/output error
send: Input/output error
send: Input/output error
send: Input/output error
send: Input/output error
send: Input/output error
send: Input/output error
send: Input/output error
send: Input/output error
send: Input/output error
send: Input/output error
send: Input/output error
send: Input/output error
send: Input/output error
send: Input/output error
send: Input/output error
send: Input/output error
send: Input/output error
send: Input/output error
send: Input/output error
send: Input/output error
send: Input/output error
send: Input/output error
send: Input/output error
send: Input/output error
send: Input/output error
send: Input/output error
send: Input/output error
send: Input/output error
send: Input/output error
send: Input/output error
send: Input/output error
send: Input/output error
send: Input/output error
send: Input/output error
send: Input/output error
send: Input/output error
send: Input/output error
send: Input/output error
send: Input/output error
